[32m2021-10-18 13:45:25[0m - dagster - [34mDEBUG[0m - expensive_pipeline - cfa2b3e9-36ec-4325-b38e-d7ce52f488be - 4312 - expensive_setup - LOGS_CAPTURED - Started capturing logs for solid: expensive_setup.
[32m2021-10-18 13:45:25[0m - dagster - [34mDEBUG[0m - expensive_pipeline - cfa2b3e9-36ec-4325-b38e-d7ce52f488be - 4312 - expensive_setup - STEP_START - Started execution of step "expensive_setup".
[32m2021-10-18 13:45:25[0m - dagster - [34mINFO[0m - expensive_pipeline - cfa2b3e9-36ec-4325-b38e-d7ce52f488be - expensive_setup - Starting Expensive Setup ...
[32m2021-10-18 13:45:29[0m - dagster - [34mDEBUG[0m - expensive_pipeline - cfa2b3e9-36ec-4325-b38e-d7ce52f488be - 4312 - expensive_setup - STEP_OUTPUT - Yielded output "common_data" of type "Any". (Type check passed).
[32m2021-10-18 13:45:29[0m - dagster - [34mDEBUG[0m - expensive_pipeline - cfa2b3e9-36ec-4325-b38e-d7ce52f488be - expensive_setup - Writing file at: /Users/rodrigoschammass/ferlab/ui-dag/tmpi5l56qdn/storage/cfa2b3e9-36ec-4325-b38e-d7ce52f488be/expensive_setup/common_data
[32m2021-10-18 13:45:29[0m - dagster - [34mDEBUG[0m - expensive_pipeline - cfa2b3e9-36ec-4325-b38e-d7ce52f488be - 4312 - expensive_setup - HANDLED_OUTPUT - Handled output "common_data" using IO manager "io_manager"
[32m2021-10-18 13:45:29[0m - dagster - [34mDEBUG[0m - expensive_pipeline - cfa2b3e9-36ec-4325-b38e-d7ce52f488be - 4312 - expensive_setup - STEP_OUTPUT - Yielded output "data" mapping key "0" of type "Any". (Type check passed).
[32m2021-10-18 13:45:29[0m - dagster - [34mDEBUG[0m - expensive_pipeline - cfa2b3e9-36ec-4325-b38e-d7ce52f488be - expensive_setup - Writing file at: /Users/rodrigoschammass/ferlab/ui-dag/tmpi5l56qdn/storage/cfa2b3e9-36ec-4325-b38e-d7ce52f488be/expensive_setup/data/0
[32m2021-10-18 13:45:29[0m - dagster - [34mDEBUG[0m - expensive_pipeline - cfa2b3e9-36ec-4325-b38e-d7ce52f488be - 4312 - expensive_setup - HANDLED_OUTPUT - Handled output "data" using IO manager "io_manager"
[32m2021-10-18 13:45:29[0m - dagster - [34mDEBUG[0m - expensive_pipeline - cfa2b3e9-36ec-4325-b38e-d7ce52f488be - 4312 - expensive_setup - STEP_OUTPUT - Yielded output "data" mapping key "1" of type "Any". (Type check passed).
[32m2021-10-18 13:45:29[0m - dagster - [34mDEBUG[0m - expensive_pipeline - cfa2b3e9-36ec-4325-b38e-d7ce52f488be - expensive_setup - Writing file at: /Users/rodrigoschammass/ferlab/ui-dag/tmpi5l56qdn/storage/cfa2b3e9-36ec-4325-b38e-d7ce52f488be/expensive_setup/data/1
[32m2021-10-18 13:45:29[0m - dagster - [34mDEBUG[0m - expensive_pipeline - cfa2b3e9-36ec-4325-b38e-d7ce52f488be - 4312 - expensive_setup - HANDLED_OUTPUT - Handled output "data" using IO manager "io_manager"
[32m2021-10-18 13:45:29[0m - dagster - [34mDEBUG[0m - expensive_pipeline - cfa2b3e9-36ec-4325-b38e-d7ce52f488be - 4312 - expensive_setup - STEP_OUTPUT - Yielded output "data" mapping key "2" of type "Any". (Type check passed).
[32m2021-10-18 13:45:29[0m - dagster - [34mDEBUG[0m - expensive_pipeline - cfa2b3e9-36ec-4325-b38e-d7ce52f488be - expensive_setup - Writing file at: /Users/rodrigoschammass/ferlab/ui-dag/tmpi5l56qdn/storage/cfa2b3e9-36ec-4325-b38e-d7ce52f488be/expensive_setup/data/2
[32m2021-10-18 13:45:29[0m - dagster - [34mDEBUG[0m - expensive_pipeline - cfa2b3e9-36ec-4325-b38e-d7ce52f488be - 4312 - expensive_setup - HANDLED_OUTPUT - Handled output "data" using IO manager "io_manager"
[32m2021-10-18 13:45:29[0m - dagster - [34mDEBUG[0m - expensive_pipeline - cfa2b3e9-36ec-4325-b38e-d7ce52f488be - 4312 - expensive_setup - STEP_OUTPUT - Yielded output "data" mapping key "3" of type "Any". (Type check passed).
[32m2021-10-18 13:45:30[0m - dagster - [34mDEBUG[0m - expensive_pipeline - cfa2b3e9-36ec-4325-b38e-d7ce52f488be - expensive_setup - Writing file at: /Users/rodrigoschammass/ferlab/ui-dag/tmpi5l56qdn/storage/cfa2b3e9-36ec-4325-b38e-d7ce52f488be/expensive_setup/data/3
[32m2021-10-18 13:45:30[0m - dagster - [34mDEBUG[0m - expensive_pipeline - cfa2b3e9-36ec-4325-b38e-d7ce52f488be - 4312 - expensive_setup - HANDLED_OUTPUT - Handled output "data" using IO manager "io_manager"
[32m2021-10-18 13:45:30[0m - dagster - [34mDEBUG[0m - expensive_pipeline - cfa2b3e9-36ec-4325-b38e-d7ce52f488be - 4312 - expensive_setup - STEP_OUTPUT - Yielded output "data" mapping key "4" of type "Any". (Type check passed).
[32m2021-10-18 13:45:30[0m - dagster - [34mDEBUG[0m - expensive_pipeline - cfa2b3e9-36ec-4325-b38e-d7ce52f488be - expensive_setup - Writing file at: /Users/rodrigoschammass/ferlab/ui-dag/tmpi5l56qdn/storage/cfa2b3e9-36ec-4325-b38e-d7ce52f488be/expensive_setup/data/4
[32m2021-10-18 13:45:30[0m - dagster - [34mDEBUG[0m - expensive_pipeline - cfa2b3e9-36ec-4325-b38e-d7ce52f488be - 4312 - expensive_setup - HANDLED_OUTPUT - Handled output "data" using IO manager "io_manager"
[32m2021-10-18 13:45:30[0m - dagster - [34mDEBUG[0m - expensive_pipeline - cfa2b3e9-36ec-4325-b38e-d7ce52f488be - 4312 - expensive_setup - STEP_OUTPUT - Yielded output "data" mapping key "5" of type "Any". (Type check passed).
[32m2021-10-18 13:45:30[0m - dagster - [34mDEBUG[0m - expensive_pipeline - cfa2b3e9-36ec-4325-b38e-d7ce52f488be - expensive_setup - Writing file at: /Users/rodrigoschammass/ferlab/ui-dag/tmpi5l56qdn/storage/cfa2b3e9-36ec-4325-b38e-d7ce52f488be/expensive_setup/data/5
[32m2021-10-18 13:45:30[0m - dagster - [34mDEBUG[0m - expensive_pipeline - cfa2b3e9-36ec-4325-b38e-d7ce52f488be - 4312 - expensive_setup - HANDLED_OUTPUT - Handled output "data" using IO manager "io_manager"
[32m2021-10-18 13:45:30[0m - dagster - [34mDEBUG[0m - expensive_pipeline - cfa2b3e9-36ec-4325-b38e-d7ce52f488be - 4312 - expensive_setup - STEP_OUTPUT - Yielded output "data" mapping key "6" of type "Any". (Type check passed).
[32m2021-10-18 13:45:30[0m - dagster - [34mDEBUG[0m - expensive_pipeline - cfa2b3e9-36ec-4325-b38e-d7ce52f488be - expensive_setup - Writing file at: /Users/rodrigoschammass/ferlab/ui-dag/tmpi5l56qdn/storage/cfa2b3e9-36ec-4325-b38e-d7ce52f488be/expensive_setup/data/6
[32m2021-10-18 13:45:30[0m - dagster - [34mDEBUG[0m - expensive_pipeline - cfa2b3e9-36ec-4325-b38e-d7ce52f488be - 4312 - expensive_setup - HANDLED_OUTPUT - Handled output "data" using IO manager "io_manager"
[32m2021-10-18 13:45:30[0m - dagster - [34mDEBUG[0m - expensive_pipeline - cfa2b3e9-36ec-4325-b38e-d7ce52f488be - 4312 - expensive_setup - STEP_OUTPUT - Yielded output "data" mapping key "7" of type "Any". (Type check passed).
[32m2021-10-18 13:45:30[0m - dagster - [34mDEBUG[0m - expensive_pipeline - cfa2b3e9-36ec-4325-b38e-d7ce52f488be - expensive_setup - Writing file at: /Users/rodrigoschammass/ferlab/ui-dag/tmpi5l56qdn/storage/cfa2b3e9-36ec-4325-b38e-d7ce52f488be/expensive_setup/data/7
[32m2021-10-18 13:45:30[0m - dagster - [34mDEBUG[0m - expensive_pipeline - cfa2b3e9-36ec-4325-b38e-d7ce52f488be - 4312 - expensive_setup - HANDLED_OUTPUT - Handled output "data" using IO manager "io_manager"
[32m2021-10-18 13:45:30[0m - dagster - [34mDEBUG[0m - expensive_pipeline - cfa2b3e9-36ec-4325-b38e-d7ce52f488be - 4312 - expensive_setup - STEP_OUTPUT - Yielded output "data" mapping key "8" of type "Any". (Type check passed).
[32m2021-10-18 13:45:30[0m - dagster - [34mDEBUG[0m - expensive_pipeline - cfa2b3e9-36ec-4325-b38e-d7ce52f488be - expensive_setup - Writing file at: /Users/rodrigoschammass/ferlab/ui-dag/tmpi5l56qdn/storage/cfa2b3e9-36ec-4325-b38e-d7ce52f488be/expensive_setup/data/8
[32m2021-10-18 13:45:30[0m - dagster - [34mDEBUG[0m - expensive_pipeline - cfa2b3e9-36ec-4325-b38e-d7ce52f488be - 4312 - expensive_setup - HANDLED_OUTPUT - Handled output "data" using IO manager "io_manager"
[32m2021-10-18 13:45:30[0m - dagster - [34mDEBUG[0m - expensive_pipeline - cfa2b3e9-36ec-4325-b38e-d7ce52f488be - 4312 - expensive_setup - STEP_OUTPUT - Yielded output "data" mapping key "9" of type "Any". (Type check passed).
[32m2021-10-18 13:45:30[0m - dagster - [34mDEBUG[0m - expensive_pipeline - cfa2b3e9-36ec-4325-b38e-d7ce52f488be - expensive_setup - Writing file at: /Users/rodrigoschammass/ferlab/ui-dag/tmpi5l56qdn/storage/cfa2b3e9-36ec-4325-b38e-d7ce52f488be/expensive_setup/data/9
[32m2021-10-18 13:45:30[0m - dagster - [34mDEBUG[0m - expensive_pipeline - cfa2b3e9-36ec-4325-b38e-d7ce52f488be - 4312 - expensive_setup - HANDLED_OUTPUT - Handled output "data" using IO manager "io_manager"
[32m2021-10-18 13:45:30[0m - dagster - [34mDEBUG[0m - expensive_pipeline - cfa2b3e9-36ec-4325-b38e-d7ce52f488be - 4312 - expensive_setup - STEP_SUCCESS - Finished execution of step "expensive_setup" in 4.21s.
